<?xml version="1.0" encoding="UTF-8"?>
<testsuite name="ro.mpp.labfx.LoginControllerTest" tests="4" skipped="0" failures="0" errors="0" timestamp="2025-03-24T12:55:44" hostname="CĆTĆLINA" time="0.125">
  <properties/>
  <testcase name="testLoginFailed()" classname="ro.mpp.labfx.LoginControllerTest" time="0.111"/>
  <testcase name="testLoginLoggerInfoEnabled()" classname="ro.mpp.labfx.LoginControllerTest" time="0.005"/>
  <testcase name="testLoginSuccessful()" classname="ro.mpp.labfx.LoginControllerTest" time="0.003"/>
  <testcase name="testLoginLoggerErrorEnabled()" classname="ro.mpp.labfx.LoginControllerTest" time="0.003"/>
  <system-out><![CDATA[24 Mar 2025 14:55:44,847 TRACE ro.mpp.labfx.repository.UtilizatorRepository 120 findByNume - Enter Incep cautarea utilizatorului cu numele wrongUser
24 Mar 2025 14:55:44,850 TRACE ro.mpp.labfx.utils.JdbcUtils 47 getConnection - Enter
24 Mar 2025 14:55:44,850 TRACE ro.mpp.labfx.utils.JdbcUtils 24 getNewConnection - Enter
24 Mar 2025 14:55:44,852 INFO  ro.mpp.labfx.utils.JdbcUtils 29 getNewConnection - trying to connect to database ... jdbc:sqlite:moto.db
24 Mar 2025 14:55:44,852 INFO  ro.mpp.labfx.utils.JdbcUtils 30 getNewConnection - user: null
24 Mar 2025 14:55:44,852 INFO  ro.mpp.labfx.utils.JdbcUtils 31 getNewConnection - pass: null
24 Mar 2025 14:55:44,933 TRACE ro.mpp.labfx.utils.JdbcUtils 56 getConnection - Exit with(org.sqlite.jdbc4.JDBC4Connection@60921b21)
24 Mar 2025 14:55:44,937 TRACE ro.mpp.labfx.repository.UtilizatorRepository 139 findByNume - Exit with(Utilizatorul nu a fost gasit.)
24 Mar 2025 14:55:44,944 TRACE ro.mpp.labfx.repository.UtilizatorRepository 120 findByNume - Enter Incep cautarea utilizatorului cu numele cata
24 Mar 2025 14:55:44,944 TRACE ro.mpp.labfx.utils.JdbcUtils 47 getConnection - Enter
24 Mar 2025 14:55:44,945 TRACE ro.mpp.labfx.utils.JdbcUtils 24 getNewConnection - Enter
24 Mar 2025 14:55:44,945 INFO  ro.mpp.labfx.utils.JdbcUtils 29 getNewConnection - trying to connect to database ... jdbc:sqlite:moto.db
24 Mar 2025 14:55:44,945 INFO  ro.mpp.labfx.utils.JdbcUtils 30 getNewConnection - user: null
24 Mar 2025 14:55:44,945 INFO  ro.mpp.labfx.utils.JdbcUtils 31 getNewConnection - pass: null
24 Mar 2025 14:55:44,946 TRACE ro.mpp.labfx.utils.JdbcUtils 56 getConnection - Exit with(org.sqlite.jdbc4.JDBC4Connection@bdecc21)
24 Mar 2025 14:55:44,948 TRACE ro.mpp.labfx.repository.UtilizatorRepository 132 findByNume - Exit with(Utilizatorul cu numele cata a fost gasit.)
24 Mar 2025 14:55:44,950 TRACE ro.mpp.labfx.repository.UtilizatorRepository 120 findByNume - Enter Incep cautarea utilizatorului cu numele cata
24 Mar 2025 14:55:44,950 TRACE ro.mpp.labfx.utils.JdbcUtils 47 getConnection - Enter
24 Mar 2025 14:55:44,950 TRACE ro.mpp.labfx.utils.JdbcUtils 24 getNewConnection - Enter
24 Mar 2025 14:55:44,950 INFO  ro.mpp.labfx.utils.JdbcUtils 29 getNewConnection - trying to connect to database ... jdbc:sqlite:moto.db
24 Mar 2025 14:55:44,950 INFO  ro.mpp.labfx.utils.JdbcUtils 30 getNewConnection - user: null
24 Mar 2025 14:55:44,950 INFO  ro.mpp.labfx.utils.JdbcUtils 31 getNewConnection - pass: null
24 Mar 2025 14:55:44,951 TRACE ro.mpp.labfx.utils.JdbcUtils 56 getConnection - Exit with(org.sqlite.jdbc4.JDBC4Connection@6df7988f)
24 Mar 2025 14:55:44,951 TRACE ro.mpp.labfx.repository.UtilizatorRepository 132 findByNume - Exit with(Utilizatorul cu numele cata a fost gasit.)
24 Mar 2025 14:55:44,954 TRACE ro.mpp.labfx.repository.UtilizatorRepository 120 findByNume - Enter Incep cautarea utilizatorului cu numele wrongUser
24 Mar 2025 14:55:44,954 TRACE ro.mpp.labfx.utils.JdbcUtils 47 getConnection - Enter
24 Mar 2025 14:55:44,954 TRACE ro.mpp.labfx.utils.JdbcUtils 24 getNewConnection - Enter
24 Mar 2025 14:55:44,954 INFO  ro.mpp.labfx.utils.JdbcUtils 29 getNewConnection - trying to connect to database ... jdbc:sqlite:moto.db
24 Mar 2025 14:55:44,954 INFO  ro.mpp.labfx.utils.JdbcUtils 30 getNewConnection - user: null
24 Mar 2025 14:55:44,955 INFO  ro.mpp.labfx.utils.JdbcUtils 31 getNewConnection - pass: null
24 Mar 2025 14:55:44,955 TRACE ro.mpp.labfx.utils.JdbcUtils 56 getConnection - Exit with(org.sqlite.jdbc4.JDBC4Connection@6edc4161)
24 Mar 2025 14:55:44,956 TRACE ro.mpp.labfx.repository.UtilizatorRepository 139 findByNume - Exit with(Utilizatorul nu a fost gasit.)
]]></system-out>
  <system-err><![CDATA[]]></system-err>
</testsuite>
